<?xml version="1.0" encoding="UTF-8"?>
<testng-results ignored="0" total="8" passed="8" failed="0" skipped="0">
  <reporter-output>
  </reporter-output>
  <suite started-at="2026-03-19T13:11:47 IST" name="Regression Suite" finished-at="2026-03-19T13:12:37 IST" duration-ms="49562">
    <groups>
    </groups>
    <test started-at="2026-03-19T13:11:47 IST" name="regression test" finished-at="2026-03-19T13:12:37 IST" duration-ms="49562">
      <class name="factorialtest.Class1UIValidation">
        <test-method is-config="true" signature="AppLaunch()[pri:0, instance:factorialtest.Class1UIValidation@17f9d882]" started-at="2026-03-19T13:11:47 IST" name="AppLaunch" finished-at="2026-03-19T13:11:59 IST" duration-ms="11805" status="PASS">
          <reporter-output>
          </reporter-output>
        </test-method> <!-- AppLaunch -->
        <test-method signature="ValidateUIElements()[pri:0, instance:factorialtest.Class1UIValidation@17f9d882]" started-at="2026-03-19T13:11:59 IST" name="ValidateUIElements" finished-at="2026-03-19T13:11:59 IST" duration-ms="227" status="PASS">
          <reporter-output>
          </reporter-output>
        </test-method> <!-- ValidateUIElements -->
        <test-method is-config="true" signature="Appclose()[pri:0, instance:factorialtest.Class1UIValidation@17f9d882]" started-at="2026-03-19T13:11:59 IST" name="Appclose" finished-at="2026-03-19T13:11:59 IST" duration-ms="193" status="PASS">
          <reporter-output>
          </reporter-output>
        </test-method> <!-- Appclose -->
      </class> <!-- factorialtest.Class1UIValidation -->
      <class name="factorialtest.Class4VerifyAboutLink">
        <test-method is-config="true" signature="AppLaunch()[pri:0, instance:factorialtest.Class4VerifyAboutLink@70ed52de]" started-at="2026-03-19T13:12:27 IST" name="AppLaunch" finished-at="2026-03-19T13:12:31 IST" duration-ms="3341" status="PASS">
          <reporter-output>
          </reporter-output>
        </test-method> <!-- AppLaunch -->
        <test-method signature="verifylinks()[pri:0, instance:factorialtest.Class4VerifyAboutLink@70ed52de]" started-at="2026-03-19T13:12:31 IST" name="verifylinks" finished-at="2026-03-19T13:12:32 IST" duration-ms="1056" status="PASS">
          <reporter-output>
          </reporter-output>
        </test-method> <!-- verifylinks -->
        <test-method is-config="true" signature="Appclose()[pri:0, instance:factorialtest.Class4VerifyAboutLink@70ed52de]" started-at="2026-03-19T13:12:32 IST" name="Appclose" finished-at="2026-03-19T13:12:32 IST" duration-ms="163" status="PASS">
          <reporter-output>
          </reporter-output>
        </test-method> <!-- Appclose -->
      </class> <!-- factorialtest.Class4VerifyAboutLink -->
      <class name="factorialtest.Class3DataDriven">
        <test-method is-config="true" signature="AppLaunch()[pri:0, instance:factorialtest.Class3DataDriven@5ddeb7cb]" started-at="2026-03-19T13:12:05 IST" name="AppLaunch" finished-at="2026-03-19T13:12:10 IST" duration-ms="4991" status="PASS">
          <reporter-output>
          </reporter-output>
        </test-method> <!-- AppLaunch -->
        <test-method signature="verifyFactorial(int,int)[pri:0, instance:factorialtest.Class3DataDriven@5ddeb7cb]" started-at="2026-03-19T13:12:10 IST" name="verifyFactorial" data-provider="factorialData" finished-at="2026-03-19T13:12:10 IST" duration-ms="807" status="PASS">
          <params>
            <param index="0">
              <value>
                <![CDATA[4]]>
              </value>
            </param>
            <param index="1">
              <value>
                <![CDATA[24]]>
              </value>
            </param>
          </params>
          <reporter-output>
          </reporter-output>
        </test-method> <!-- verifyFactorial -->
        <test-method is-config="true" signature="Appclose()[pri:0, instance:factorialtest.Class3DataDriven@5ddeb7cb]" started-at="2026-03-19T13:12:10 IST" name="Appclose" finished-at="2026-03-19T13:12:11 IST" duration-ms="185" status="PASS">
          <reporter-output>
          </reporter-output>
        </test-method> <!-- Appclose -->
        <test-method is-config="true" signature="AppLaunch()[pri:0, instance:factorialtest.Class3DataDriven@5ddeb7cb]" started-at="2026-03-19T13:12:11 IST" name="AppLaunch" finished-at="2026-03-19T13:12:14 IST" duration-ms="3680" status="PASS">
          <reporter-output>
          </reporter-output>
        </test-method> <!-- AppLaunch -->
        <test-method signature="verifyFactorial(int,int)[pri:0, instance:factorialtest.Class3DataDriven@5ddeb7cb]" started-at="2026-03-19T13:12:14 IST" name="verifyFactorial" data-provider="factorialData" finished-at="2026-03-19T13:12:15 IST" duration-ms="734" status="PASS">
          <params>
            <param index="0">
              <value>
                <![CDATA[5]]>
              </value>
            </param>
            <param index="1">
              <value>
                <![CDATA[120]]>
              </value>
            </param>
          </params>
          <reporter-output>
          </reporter-output>
        </test-method> <!-- verifyFactorial -->
        <test-method is-config="true" signature="Appclose()[pri:0, instance:factorialtest.Class3DataDriven@5ddeb7cb]" started-at="2026-03-19T13:12:15 IST" name="Appclose" finished-at="2026-03-19T13:12:15 IST" duration-ms="135" status="PASS">
          <reporter-output>
          </reporter-output>
        </test-method> <!-- Appclose -->
        <test-method is-config="true" signature="AppLaunch()[pri:0, instance:factorialtest.Class3DataDriven@5ddeb7cb]" started-at="2026-03-19T13:12:15 IST" name="AppLaunch" finished-at="2026-03-19T13:12:20 IST" duration-ms="5133" status="PASS">
          <reporter-output>
          </reporter-output>
        </test-method> <!-- AppLaunch -->
        <test-method signature="verifyFactorial(int,int)[pri:0, instance:factorialtest.Class3DataDriven@5ddeb7cb]" started-at="2026-03-19T13:12:20 IST" name="verifyFactorial" data-provider="factorialData" finished-at="2026-03-19T13:12:21 IST" duration-ms="800" status="PASS">
          <params>
            <param index="0">
              <value>
                <![CDATA[6]]>
              </value>
            </param>
            <param index="1">
              <value>
                <![CDATA[720]]>
              </value>
            </param>
          </params>
          <reporter-output>
          </reporter-output>
        </test-method> <!-- verifyFactorial -->
        <test-method is-config="true" signature="Appclose()[pri:0, instance:factorialtest.Class3DataDriven@5ddeb7cb]" started-at="2026-03-19T13:12:21 IST" name="Appclose" finished-at="2026-03-19T13:12:21 IST" duration-ms="145" status="PASS">
          <reporter-output>
          </reporter-output>
        </test-method> <!-- Appclose -->
        <test-method is-config="true" signature="AppLaunch()[pri:0, instance:factorialtest.Class3DataDriven@5ddeb7cb]" started-at="2026-03-19T13:12:21 IST" name="AppLaunch" finished-at="2026-03-19T13:12:26 IST" duration-ms="5222" status="PASS">
          <reporter-output>
          </reporter-output>
        </test-method> <!-- AppLaunch -->
        <test-method signature="verifyFactorial(int,int)[pri:0, instance:factorialtest.Class3DataDriven@5ddeb7cb]" started-at="2026-03-19T13:12:26 IST" name="verifyFactorial" data-provider="factorialData" finished-at="2026-03-19T13:12:27 IST" duration-ms="836" status="PASS">
          <params>
            <param index="0">
              <value>
                <![CDATA[7]]>
              </value>
            </param>
            <param index="1">
              <value>
                <![CDATA[5040]]>
              </value>
            </param>
          </params>
          <reporter-output>
          </reporter-output>
        </test-method> <!-- verifyFactorial -->
        <test-method is-config="true" signature="Appclose()[pri:0, instance:factorialtest.Class3DataDriven@5ddeb7cb]" started-at="2026-03-19T13:12:27 IST" name="Appclose" finished-at="2026-03-19T13:12:27 IST" duration-ms="195" status="PASS">
          <reporter-output>
          </reporter-output>
        </test-method> <!-- Appclose -->
      </class> <!-- factorialtest.Class3DataDriven -->
      <class name="factorialtest.Class5DetectedBug">
        <test-method is-config="true" signature="AppLaunch()[pri:0, instance:factorialtest.Class5DetectedBug@496bc455]" started-at="2026-03-19T13:12:32 IST" name="AppLaunch" finished-at="2026-03-19T13:12:36 IST" duration-ms="4121" status="PASS">
          <reporter-output>
          </reporter-output>
        </test-method> <!-- AppLaunch -->
        <test-method signature="NotDisplayedForFourDigitInput()[pri:0, instance:factorialtest.Class5DetectedBug@496bc455]" started-at="2026-03-19T13:12:36 IST" name="NotDisplayedForFourDigitInput" finished-at="2026-03-19T13:12:36 IST" duration-ms="271" status="PASS">
          <reporter-output>
          </reporter-output>
        </test-method> <!-- NotDisplayedForFourDigitInput -->
        <test-method is-config="true" signature="Appclose()[pri:0, instance:factorialtest.Class5DetectedBug@496bc455]" started-at="2026-03-19T13:12:36 IST" name="Appclose" finished-at="2026-03-19T13:12:37 IST" duration-ms="176" status="PASS">
          <reporter-output>
          </reporter-output>
        </test-method> <!-- Appclose -->
      </class> <!-- factorialtest.Class5DetectedBug -->
      <class name="factorialtest.Class2VerifyPageDetails">
        <test-method is-config="true" signature="AppLaunch()[pri:0, instance:factorialtest.Class2VerifyPageDetails@24569dba]" started-at="2026-03-19T13:11:59 IST" name="AppLaunch" finished-at="2026-03-19T13:12:04 IST" duration-ms="5057" status="PASS">
          <reporter-output>
          </reporter-output>
        </test-method> <!-- AppLaunch -->
        <test-method signature="verifyPageDetails()[pri:0, instance:factorialtest.Class2VerifyPageDetails@24569dba]" started-at="2026-03-19T13:12:04 IST" name="verifyPageDetails" finished-at="2026-03-19T13:12:04 IST" duration-ms="59" status="PASS">
          <reporter-output>
          </reporter-output>
        </test-method> <!-- verifyPageDetails -->
        <test-method is-config="true" signature="Appclose()[pri:0, instance:factorialtest.Class2VerifyPageDetails@24569dba]" started-at="2026-03-19T13:12:04 IST" name="Appclose" finished-at="2026-03-19T13:12:05 IST" duration-ms="145" status="PASS">
          <reporter-output>
          </reporter-output>
        </test-method> <!-- Appclose -->
      </class> <!-- factorialtest.Class2VerifyPageDetails -->
    </test> <!-- regression test -->
  </suite> <!-- Regression Suite -->
</testng-results>
