<?xml version="1.0" encoding="UTF-8"?>
<!-- Generated by org.testng.reporters.JUnitXMLReporter -->
<testsuite ignored="0" hostname="LAPTOP-HOG8DTUB" failures="0" tests="8" name="regression test" time="49.562" errors="0" timestamp="2026-03-19T13:12:37 IST">
  <testcase classname="factorialtest.Class1UIValidation" name="ValidateUIElements" time="0.227"/>
  <testcase classname="factorialtest.Class2VerifyPageDetails" name="verifyPageDetails" time="0.059"/>
  <testcase classname="factorialtest.Class3DataDriven" name="verifyFactorial" time="0.807"/>
  <testcase classname="factorialtest.Class3DataDriven" name="verifyFactorial" time="0.734"/>
  <testcase classname="factorialtest.Class3DataDriven" name="verifyFactorial" time="0.8"/>
  <testcase classname="factorialtest.Class3DataDriven" name="verifyFactorial" time="0.836"/>
  <testcase classname="factorialtest.Class4VerifyAboutLink" name="verifylinks" time="1.056"/>
  <testcase classname="factorialtest.Class5DetectedBug" name="NotDisplayedForFourDigitInput" time="0.271"/>
</testsuite> <!-- regression test -->
