<?xml version="1.0" encoding="UTF-8"?>
<!-- Generated by org.testng.reporters.JUnitXMLReporter -->
<testsuite ignored="0" hostname="LAPTOP-HOG8DTUB" failures="1" tests="5" name="AllTests" time="18.825" errors="0" timestamp="2026-04-11T18:12:06 IST">
  <testcase classname="classes.Class3VerifyText" name="verifyTextAndURL" time="0.122"/>
  <testcase classname="classes.Class2ImageLinkCount" name="verifyImagesAndLinks" time="0.124"/>
  <testcase classname="classes.Class1UIValidation" name="validateUIElements" time="4.285"/>
  <testcase classname="classes.Class4VerifyLogin" name="loginFunctionality" time="1.316"/>
  <testcase classname="classes.Class5BugScenario" name="verifyPaymentMethodsBug" time="1.904">
    <failure type="java.lang.AssertionError" message="Bug: Payment options are present, should not be selectable expected [0] but found [1]">
      <![CDATA[java.lang.AssertionError: Bug: Payment options are present, should not be selectable expected [0] but found [1]
at classes.Class5BugScenario.verifyPaymentMethodsBug(Class5BugScenario.java:47)
at java.base/java.util.concurrent.Executors$RunnableAdapter.call(Executors.java:539)
at java.base/java.util.concurrent.FutureTask.run(FutureTask.java:264)
at java.base/java.util.concurrent.ThreadPoolExecutor.runWorker(ThreadPoolExecutor.java:1136)
at java.base/java.util.concurrent.ThreadPoolExecutor$Worker.run(ThreadPoolExecutor.java:635)
at java.base/java.lang.Thread.run(Thread.java:840)
... Removed 19 stack frames]]>
    </failure>
  </testcase> <!-- verifyPaymentMethodsBug -->
</testsuite> <!-- AllTests -->
