<?xml version="1.0" encoding="UTF-8"?>
<!-- Generated by org.testng.reporters.JUnitReportReporter -->
<testsuite hostname="LAPTOP-HOG8DTUB" failures="0" tests="4" name="factorialtest.Class3DataDriven" time="22.863" errors="0" timestamp="2026-03-19T13:12:37 IST" skipped="0">
  <testcase classname="factorialtest.Class3DataDriven" name="verifyFactorial" time="4.599"/>
  <testcase classname="factorialtest.Class3DataDriven" name="verifyFactorial" time="6.068"/>
  <testcase classname="factorialtest.Class3DataDriven" name="verifyFactorial" time="6.022"/>
  <testcase classname="factorialtest.Class3DataDriven" name="verifyFactorial" time="6.174"/>
</testsuite> <!-- factorialtest.Class3DataDriven -->
