<?xml version="1.0" encoding="UTF-8"?>
<!-- Generated by org.testng.reporters.JUnitXMLReporter -->
<testsuite ignored="0" hostname="LAPTOP-HOG8DTUB" failures="0" tests="4" name="Default test(failed)" time="64.81" errors="0" timestamp="2026-03-18T18:18:07 IST">
  <testcase classname="factorialtest.Class3DataDriven" name="verifyFactorial" time="3.636"/>
  <testcase classname="factorialtest.Class3DataDriven" name="verifyFactorial" time="1.071"/>
  <testcase classname="factorialtest.Class3DataDriven" name="verifyFactorial" time="1.084"/>
  <testcase classname="factorialtest.Class3DataDriven" name="verifyFactorial" time="1.108"/>
</testsuite> <!-- Default test(failed) -->
